<?xml version="1.0" encoding="UTF-8"?>
<testng-results skipped="0" failed="0" ignored="0" total="3" passed="3">
  <reporter-output>
  </reporter-output>
  <suite name="Suite" duration-ms="61787" started-at="2019-06-13T16:51:15Z" finished-at="2019-06-13T16:52:16Z">
    <groups>
    </groups>
    <test name="Test" duration-ms="61787" started-at="2019-06-13T16:51:15Z" finished-at="2019-06-13T16:52:16Z">
      <class name="dockerValidation.ChromeTest3">
        <test-method status="PASS" signature="chromeTest3()[pri:0, instance:dockerValidation.ChromeTest3@64616ca2]" name="chromeTest3" duration-ms="22322" started-at="2019-06-13T16:51:45Z" finished-at="2019-06-13T16:52:07Z">
          <reporter-output>
          </reporter-output>
        </test-method> <!-- chromeTest3 -->
      </class> <!-- dockerValidation.ChromeTest3 -->
      <class name="dockerValidation.ChromeTest1">
        <test-method status="PASS" signature="startDocker()[pri:0, instance:dockerValidation.ChromeTest1@5f2050f6]" name="startDocker" is-config="true" duration-ms="30246" started-at="2019-06-13T16:51:15Z" finished-at="2019-06-13T16:51:45Z">
          <reporter-output>
          </reporter-output>
        </test-method> <!-- startDocker -->
        <test-method status="PASS" signature="chromeTest1()[pri:0, instance:dockerValidation.ChromeTest1@5f2050f6]" name="chromeTest1" duration-ms="13928" started-at="2019-06-13T16:51:45Z" finished-at="2019-06-13T16:51:59Z">
          <reporter-output>
          </reporter-output>
        </test-method> <!-- chromeTest1 -->
        <test-method status="PASS" signature="stopDocker()[pri:0, instance:dockerValidation.ChromeTest1@5f2050f6]" name="stopDocker" is-config="true" duration-ms="9189" started-at="2019-06-13T16:52:07Z" finished-at="2019-06-13T16:52:16Z">
          <reporter-output>
          </reporter-output>
        </test-method> <!-- stopDocker -->
      </class> <!-- dockerValidation.ChromeTest1 -->
      <class name="dockerValidation.ChromeTest2">
        <test-method status="PASS" signature="chromeTest2()[pri:0, instance:dockerValidation.ChromeTest2@3b81a1bc]" name="chromeTest2" duration-ms="17238" started-at="2019-06-13T16:51:45Z" finished-at="2019-06-13T16:52:02Z">
          <reporter-output>
          </reporter-output>
        </test-method> <!-- chromeTest2 -->
      </class> <!-- dockerValidation.ChromeTest2 -->
    </test> <!-- Test -->
  </suite> <!-- Suite -->
</testng-results>
