<?xml version="1.0" encoding="UTF-8"?>
<!-- Generated by org.testng.reporters.JUnitXMLReporter -->
<testsuite hostname="LAPTOP-PQ79RKAL" ignored="0" name="Test" tests="3" failures="0" timestamp="13 Jun 2019 16:52:17 GMT" time="61.787" errors="0">
  <testcase name="chromeTest1" time="13.928" classname="dockerValidation.ChromeTest1"/>
  <testcase name="chromeTest2" time="17.238" classname="dockerValidation.ChromeTest2"/>
  <testcase name="chromeTest3" time="22.322" classname="dockerValidation.ChromeTest3"/>
</testsuite> <!-- Test -->
