<?xml version="1.0" encoding="UTF-8"?>
<testng-results skipped="0" failed="0" ignored="0" total="1" passed="1">
  <reporter-output>
  </reporter-output>
  <suite name="Default suite" duration-ms="113148" started-at="2019-11-12T17:43:36Z" finished-at="2019-11-12T17:45:29Z">
    <groups>
    </groups>
    <test name="Default test" duration-ms="113148" started-at="2019-11-12T17:43:36Z" finished-at="2019-11-12T17:45:29Z">
      <class name="dockerValidation.ChromeTest1">
        <test-method status="PASS" signature="startDocker()[pri:0, instance:dockerValidation.ChromeTest1@26be92ad]" name="startDocker" is-config="true" duration-ms="40205" started-at="2019-11-12T17:43:36Z" finished-at="2019-11-12T17:44:16Z">
          <reporter-output>
          </reporter-output>
        </test-method> <!-- startDocker -->
        <test-method status="PASS" signature="chromeTest1()[pri:0, instance:dockerValidation.ChromeTest1@26be92ad]" name="chromeTest1" duration-ms="55247" started-at="2019-11-12T17:44:16Z" finished-at="2019-11-12T17:45:11Z">
          <reporter-output>
          </reporter-output>
        </test-method> <!-- chromeTest1 -->
        <test-method status="PASS" signature="stopDocker()[pri:0, instance:dockerValidation.ChromeTest1@26be92ad]" name="stopDocker" is-config="true" duration-ms="17678" started-at="2019-11-12T17:45:11Z" finished-at="2019-11-12T17:45:29Z">
          <reporter-output>
          </reporter-output>
        </test-method> <!-- stopDocker -->
      </class> <!-- dockerValidation.ChromeTest1 -->
    </test> <!-- Default test -->
  </suite> <!-- Default suite -->
</testng-results>
