<?xml version="1.0" encoding="UTF-8"?>
<!-- Generated by org.testng.reporters.JUnitXMLReporter -->
<testsuite ignored="0" hostname="LAPTOP-PQ79RKAL" failures="0" tests="3" name="Test" time="54.379" errors="0" timestamp="12 Jun 2019 18:02:36 GMT">
  <testcase classname="dockerValidation.ChromeTest1" name="chromeTest1" time="6.913"/>
  <testcase classname="dockerValidation.ChromeTest2" name="chromeTest2" time="8.779"/>
  <testcase classname="dockerValidation.ChromeTest3" name="chromeTest3" time="13.049"/>
</testsuite> <!-- Test -->
