<?xml version="1.0" encoding="UTF-8"?>
<!-- Generated by org.testng.reporters.JUnitXMLReporter -->
<testsuite hostname="LAPTOP-PQ79RKAL" ignored="0" name="Test" tests="3" failures="0" timestamp="05 Nov 2019 02:06:49 GMT" time="7199.326" errors="0">
  <testcase name="chromeTest2" time="803.647" classname="dockerValidation.ChromeTest2"/>
  <testcase name="chromeTest3" time="806.815" classname="dockerValidation.ChromeTest3"/>
  <testcase name="chromeTest1" time="7199.3" classname="dockerValidation.ChromeTest1"/>
</testsuite> <!-- Test -->
